Copyright 1986-2017 Xilinx, Inc. All Rights Reserved.
-----------------------------------------------------------------------------------------------------------------------------------------------------
| Tool Version : Vivado v.2017.4 (win64) Build 2086221 Fri Dec 15 20:55:39 MST 2017
| Date         : Sat Sep 21 15:43:46 2024
| Host         : WS4211-04 running 64-bit major release  (build 9200)
| Command      : report_methodology -file plata_methodology_drc_routed.rpt -pb plata_methodology_drc_routed.pb -rpx plata_methodology_drc_routed.rpx
| Design       : plata
| Device       : xc7a15tftg256-2
| Speed File   : -2
| Design State : Routed
-----------------------------------------------------------------------------------------------------------------------------------------------------

Report Methodology

Table of Contents
-----------------
1. REPORT SUMMARY
2. REPORT DETAILS

1. REPORT SUMMARY
-----------------
            Netlist: netlist
          Floorplan: checkpoint_plata
      Design limits: <entire design considered>
             Max violations: <unlimited>
             Violations found: 7
+-----------+----------+-------------------+------------+
| Rule      | Severity | Description       | Violations |
+-----------+----------+-------------------+------------+
| TIMING-20 | Warning  | Non-clocked latch | 7          |
+-----------+----------+-------------------+------------+

2. REPORT DETAILS
-----------------
TIMING-20#1 Warning
Non-clocked latch  
The latch segments_reg[0] cannot be properly analyzed as its control pin segments_reg[0]/G is not reached by a timing clock
Related violations: <none>

TIMING-20#2 Warning
Non-clocked latch  
The latch segments_reg[1] cannot be properly analyzed as its control pin segments_reg[1]/G is not reached by a timing clock
Related violations: <none>

TIMING-20#3 Warning
Non-clocked latch  
The latch segments_reg[2] cannot be properly analyzed as its control pin segments_reg[2]/G is not reached by a timing clock
Related violations: <none>

TIMING-20#4 Warning
Non-clocked latch  
The latch segments_reg[3] cannot be properly analyzed as its control pin segments_reg[3]/G is not reached by a timing clock
Related violations: <none>

TIMING-20#5 Warning
Non-clocked latch  
The latch segments_reg[4] cannot be properly analyzed as its control pin segments_reg[4]/G is not reached by a timing clock
Related violations: <none>

TIMING-20#6 Warning
Non-clocked latch  
The latch segments_reg[5] cannot be properly analyzed as its control pin segments_reg[5]/G is not reached by a timing clock
Related violations: <none>

TIMING-20#7 Warning
Non-clocked latch  
The latch segments_reg[6] cannot be properly analyzed as its control pin segments_reg[6]/G is not reached by a timing clock
Related violations: <none>


